<?xml version="1.0" encoding="utf-8" standalone="no"?>
<test-run start-time="2022-07-26 12:05:13Z">
  <command-line><![CDATA[C:\Users\DELL\Downloads\NUnit.Console-3.15.2\bin\net6.0\nunit3-console.dll SeleniumSwagLabs.dll]]></command-line>
</test-run>